> Task :buildSrc:compileJava NO-SOURCE
> Task :buildSrc:compileGroovy NO-SOURCE
> Task :buildSrc:processResources NO-SOURCE
> Task :buildSrc:classes UP-TO-DATE
> Task :buildSrc:jar UP-TO-DATE
> Task :buildSrc:assemble UP-TO-DATE
> Task :buildSrc:compileTestJava NO-SOURCE
> Task :buildSrc:compileTestGroovy NO-SOURCE
> Task :buildSrc:processTestResources NO-SOURCE
> Task :buildSrc:testClasses UP-TO-DATE
> Task :buildSrc:test NO-SOURCE
> Task :buildSrc:check UP-TO-DATE
> Task :buildSrc:build UP-TO-DATE

> Configure project :
BrazilPlugin was loaded for project 'AWSCloudFormationResourceProvidersTransitGatewayIntegrationTests'
BrazilGradleQualityDefaults plugin loaded for project 'AWSCloudFormationResourceProvidersTransitGatewayIntegrationTests'

> Task :compileJava UP-TO-DATE
> Task :processResources UP-TO-DATE
> Task :classes UP-TO-DATE
> Task :compileTestJava NO-SOURCE
> Task :processTestResources NO-SOURCE
> Task :testClasses UP-TO-DATE

> Task :integ-local

Gradle Test Executor 4 STANDARD_OUT
    ...
    ... TestNG 6.9.5 by CÃ©dric Beust (cedric@beust.com)
    ...


Gradle Test Executor 4 STANDARD_ERROR
    SLF4J: Failed to load class "org.slf4j.impl.StaticLoggerBinder".
    SLF4J: Defaulting to no-operation (NOP) logger implementation
    SLF4J: See http://www.slf4j.org/codes.html#StaticLoggerBinder for further details.

Gradle Test Executor 4 STANDARD_OUT
    us-east-1

Gradle Test Executor 4 STANDARD_ERROR
    log4j:WARN No appenders could be found for logger (com.amazonaws.AmazonWebServiceClient).
    log4j:WARN Please initialize the log4j system properly.

Gradle Test Executor 4 STANDARD_OUT
    us-east-1

TestSuite STANDARD_OUT
    START CLEAN SUITE
    -------THIS IS A BIG DEAL--------
    -------THIS IS A BIG DEAL--------
    -------THIS IS A BIG DEAL--------
    -------THIS IS A BIG DEAL--------
    -------THIS IS A BIG DEAL--------
    -------THIS IS A BIG DEAL--------
    -------THIS IS A BIG DEAL--------
    -------THIS IS A BIG DEAL--------
    -------THIS IS A BIG DEAL--------
    -------THIS IS A BIG DEAL--------
    -------THIS IS A BIG DEAL--------
    -------THIS IS A BIG DEAL--------
    -------THIS IS A BIG DEAL--------
    -------THIS IS A BIG DEAL--------
    -------THIS IS A BIG DEAL--------
    -------THIS IS A BIG DEAL--------
    -------THIS IS A BIG DEAL--------
    -------THIS IS A BIG DEAL--------
    -------THIS IS A BIG DEAL--------
    -------THIS IS A BIG DEAL--------
    END CLEAN SUITE

TestSuite > AWSCloudFormationResourceProvidersTransitGatewayIntegrationTests STANDARD_OUT
    [TestRunner] Starting executor for test AWSCloudFormationResourceProvidersTransitGatewayIntegrationTests with time out:2147483647 milliseconds.
    Before test-method. Thread id is: 18
    Before test-method. Thread id is: 16
    Before test-method. Thread id is: 20
    Before test-method. Thread id is: 17
    Before test-method. Thread id is: 19

TestSuite > AWSCloudFormationResourceProvidersTransitGatewayIntegrationTests > com.aws.ec2.cfnregistry.integration.resources.TransitGatewayMulticastGroupSource.IntegrationTests.deleteStack STANDARD_OUT
    us-east-1
    Test:: TransitGatewayMulticastGroupSource-invoke0 :: ThreadID:20
    Test:: TransitGatewayMulticastGroupSource-invoke0 :: ThreadID:19
    Test:: TransitGatewayMulticastGroupSource-invoke0 :: ThreadID:18
    Test:: TransitGatewayMulticastGroupSource-invoke0 :: ThreadID:17
    Test:: TransitGatewayMulticastGroupSource-invoke0 :: ThreadID:16
    this.createParametersForUpdateStackTest()
    {GroupIpAddress=224.0.0.0}
    this.updateParametersForUpdateStackTest()
    {GroupIpAddress=224.0.0.1}
    START createStackTest
    START updateStackTest
    START createStackTest
    createParameters
    {GroupIpAddress=224.0.0.0}
    START deleteStackAfterExternalDeleteTest
    updateParameters
    {GroupIpAddress=224.0.0.1}
    START createStackAfterResourceExistsFromAnotherStackTest
    STACK INITIATED
    STACK INITIATED
    STACK INITIATED
    com.aws.ec2.cfnregistry.integration.resources.StackUtility@638fd175
    com.aws.ec2.cfnregistry.integration.resources.StackUtility@46168027
    com.aws.ec2.cfnregistry.integration.resources.StackUtility@48c9cd78
    STACK INITIATED
    com.aws.ec2.cfnregistry.integration.resources.StackUtility@3e87bf38
    DUPLICATE STACK INITIATED
    com.aws.ec2.cfnregistry.integration.resources.StackUtility@701bf0a1
    STACK INITIATED
    com.aws.ec2.cfnregistry.integration.resources.StackUtility@7cb75cf
    Parameters for template
    {GroupIpAddress=224.0.0.0}
    Template
    AWSTemplateFormatVersion: 2010-09-09
    Description: TGWMulticastGroupSource Integration Test Template
    Parameters:
      GroupIpAddress:
        Type: String
        Default: 224.0.0.0
    Resources:
      TransitGateway:
        Type: "AWS::EC2::TransitGateway"
        Properties:
          Description: "TGW Attachment Integration Resource"
          MulticastSupport: enable
          Tags:
            - Key: Application
              Value: !Ref 'AWS::StackId'
      TransitGatewayMulticastDomain:
        Type: 'AWS::EC2::TransitGatewayMulticastDomain'
        Properties:
          TransitGatewayId: !Ref TransitGateway
          Options:
            StaticSourcesSupport: enable
          Tags:
            - Key: Key1
              Value: Value1
      Vpc:
        Type: 'AWS::EC2::VPC'
        Properties:
          CidrBlock: 172.16.0.0/16
          EnableDnsSupport: 'true'
          EnableDnsHostnames: 'true'
          Tags:
            - Key: Application
              Value: !Ref 'AWS::StackId'
      Subnet:
        Type: 'AWS::EC2::Subnet'
        DependsOn: Vpc
        Properties:
          VpcId: !Ref Vpc
          CidrBlock: 172.16.1.0/24
          AvailabilityZone:
            Fn::Select:
              - 0
              - Fn::GetAZs: ""

      TransitGatewayAttachment:
        Type: "AWS::EC2::TransitGatewayAttachment"
        Properties:
          VpcId: !Ref Vpc
          TransitGatewayId: !Ref TransitGateway
          SubnetIds:
            - !Ref Subnet
      TransitGatewayMulticastDomainAssociation:
        Type: 'AWS::EC2::TransitGatewayMulticastDomainAssociation'
        Properties:
          TransitGatewayMulticastDomainId: !Ref TransitGatewayMulticastDomain
          TransitGatewayAttachmentId: !Ref TransitGatewayAttachment
          SubnetId: !Ref Subnet
      NetworkInterface:
        Type: AWS::EC2::NetworkInterface
        Properties:
          SubnetId: !Ref Subnet
      TransitGatewayMulticastGroupSource:
        Type: 'AWS::EC2::TransitGatewayMulticastGroupSource'
        DependsOn : TransitGatewayMulticastDomainAssociation
        Properties:
          TransitGatewayMulticastDomainId: !Ref TransitGatewayMulticastDomain
          GroupIpAddress:  !Ref GroupIpAddress
          NetworkInterfaceId: !Ref NetworkInterface
    Outputs:
      TransitGatewayMulticastGroupSourceId:
        Value: !Ref TransitGatewayMulticastGroupSource
      TransitGatewayId:
        Value: !Ref TransitGateway
      VpcId:
        Value: !Ref Vpc
      SubnetId:
        Value: !Ref Subnet
      TransitGatewayAttachmentId:
        Value: !Ref TransitGatewayAttachment
    STACK CREATED
    arn:aws:cloudformation:us-east-1:164459928424:stack/TransitGatewayMulticastGroupSource-createStackTest-2021-01-14-15-52-33-919-377716/6d315230-56aa-11eb-abda-0ab7c9206afb
    assertCreateStackCompletes
    STACK CREATED
    arn:aws:cloudformation:us-east-1:164459928424:stack/TransitGatewayMulticastGroupSource-updateStackTest-2021-01-14-15-52-33-922-410431/6d3570e0-56aa-11eb-a1e8-0a70beb84243
    assertCreateStackCompletes
    STACK CREATED
    arn:aws:cloudformation:us-east-1:164459928424:stack/TransitGatewayMulticastGroupSource-deleteStackTest-2021-01-14-15-52-33-919-293766/6d317940-56aa-11eb-8c99-0a254022de5b
    assertCreateStackCompletes
    STACK CREATED
    arn:aws:cloudformation:us-east-1:164459928424:stack/TransitGatewayMulticastGroupSource-createStackAfterResourceExistsFromAnotherStackTest-2021-01-14-15-52-33-919-282919/6d2d3380-56aa-11eb-82d6-0e762363e33d
    STACK CREATED
    arn:aws:cloudformation:us-east-1:164459928424:stack/TransitGatewayMulticastGroupSource-deleteStackAfterExternalDeleteTest-2021-01-14-15-52-33-919-60615/6d345f70-56aa-11eb-b167-12e13362d287
    assertCreateStackCompletes
    assertDeleteStackCompletes

TestSuite > AWSCloudFormationResourceProvidersTransitGatewayIntegrationTests > com.aws.ec2.cfnregistry.integration.resources.TransitGatewayMulticastGroupSource.IntegrationTests.deleteStack FAILED
    com.amazonaws.services.cloudformation.model.AmazonCloudFormationException

TestSuite > AWSCloudFormationResourceProvidersTransitGatewayIntegrationTests STANDARD_OUT
    After test-method. Thread id is: 18
    CREATE ORIGINAL STACK
    createdStackOutputs
    {}
    ensureStackDeletesQuietly
    END updateStackTest

TestSuite > AWSCloudFormationResourceProvidersTransitGatewayIntegrationTests > com.aws.ec2.cfnregistry.integration.resources.TransitGatewayMulticastGroupSource.IntegrationTests.updateStack FAILED
    java.lang.NullPointerException at IntegrationTests.java:35

TestSuite > AWSCloudFormationResourceProvidersTransitGatewayIntegrationTests STANDARD_OUT
    After test-method. Thread id is: 20
    deleteResource
    {TransitGatewayId=tgw-0f2bffb96eac3c7b0, TransitGatewayMulticastGroupSourceId=tgw-mcast-domain-0ca4672e7db0291b2|224.0.0.0|eni-0d41738a9b744cd69, VpcId=vpc-0219d5a75d8af5b87, SubnetId=subnet-02aec5bdf1fccd713, TransitGatewayAttachmentId=tgw-attach-085035bbacfc1bdbb}
    parametersForOutOfBandCreateTest
    STACK OUTPUTS
    {TransitGatewayId=tgw-0d86655bfeacd9da3, TransitGatewayMulticastGroupSourceId=tgw-mcast-domain-01a6e93d08e418bdb|224.0.0.0|eni-03868344a0297fbf2, VpcId=vpc-042db56771dfb642e, SubnetId=subnet-0c14a273b886f9102, TransitGatewayAttachmentId=tgw-attach-0a9675d38ce3dc61f}
    {TransitGatewayId=tgw-0a1eef7b122eb0a15, TransitGatewayMulticastGroupSourceId=tgw-mcast-domain-0708e89796877541f|224.0.0.0|eni-094507338442ea763, VpcId=vpc-08cdb0c0f99bcb31a, SubnetId=subnet-040bb30c3695ecdb0, TransitGatewayAttachmentId=tgw-attach-0ef270257f1bb7e0d}
    ensureStackDeletesQuietly
    transformed parametersForOutOfBandCreateTest
    {TransitGatewayMulticastDomainId=tgw-mcast-domain-01a6e93d08e418bdb, NetworkInterfaceId=eni-03868344a0297fbf2, GroupIpAddress=224.0.0.0}
    Parameters for template
    {TransitGatewayMulticastDomainId=tgw-mcast-domain-01a6e93d08e418bdb, NetworkInterfaceId=eni-03868344a0297fbf2, GroupIpAddress=224.0.0.0}
    Template
    AWSTemplateFormatVersion: 2010-09-09
    Description: TGWMulticastGroupSource invalid duplicate creation test template
    Parameters:
      GroupIpAddress:
        Type: String
      NetworkInterfaceId:
        Type: String
      TransitGatewayMulticastDomainId:
        Type: String
    Resources:
      TransitGatewayMulticastSourceMember:
        Type: 'AWS::EC2::TransitGatewayMulticastGroupSource'
        Properties:
          TransitGatewayMulticastDomainId: !Ref TransitGatewayMulticastDomainId
          GroupIpAddress: !Ref GroupIpAddress
          NetworkInterfaceId: !Ref NetworkInterfaceId
    Outputs:
      TransitGatewayMulticastGroupSourceId:
        Value: !Ref TransitGatewayMulticastSourceMember
    DUPLICATE STACK CREATED
    arn:aws:cloudformation:us-east-1:164459928424:stack/TransitGatewayMulticastGroupSource-createStackAfterResourceExistsFromAnotherStackTest-2021-01-14-15-52-33-920-255990/2479a3c0-56ab-11eb-bd4b-12a7ac2a1bf1
    assertCreateStackFails
    assertDeleteStackCompletes
    ensureStackDeletesQuietly
    ensureStackDeletesQuietly
    END deleteStackAfterExternalDeleteTest
    After test-method. Thread id is: 19
    END createStackTest
    After test-method. Thread id is: 16
    END createStackAfterResourceExistsFromAnotherStackTest
    After test-method. Thread id is: 17
    PASSED: deleteStackAfterExternalDelete
    PASSED: createStack
    PASSED: createStackAfterResourceExistsFromAnotherStack
    FAILED: deleteStack
    com.amazonaws.services.cloudformation.model.AmazonCloudFormationException: Assertion error: java.lang.RuntimeException: com.amazonaws.services.cloudformation.model.AmazonCloudFormationException: Failing immediately for condition ROLLBACK_COMPLETE for stack Id: arn:aws:cloudformation:us-east-1:164459928424:stack/TransitGatewayMulticastGroupSource-deleteStackTest-2021-01-14-15-52-33-919-293766/6d317940-56aa-11eb-8c99-0a254022de5b (Service: null; Status Code: 0; Error Code: null; Request ID: null; Proxy: null); Error message: com.amazonaws.services.cloudformation.model.AmazonCloudFormationException: Failing immediately for condition ROLLBACK_COMPLETE for stack Id: arn:aws:cloudformation:us-east-1:164459928424:stack/TransitGatewayMulticastGroupSource-deleteStackTest-2021-01-14-15-52-33-919-293766/6d317940-56aa-11eb-8c99-0a254022de5b (Service: null; Status Code: 0; Error Code: null; Request ID: null; Proxy: null) (Service: null; Status Code: 0; Error Code: null; Request ID: null; Proxy: null)
    	at com.amazon.cloudformation.integration.CloudFormationIntegrationTestHelper.assertStackEntersTargetStatus(CloudFormationIntegrationTestHelper.java:377)
    	at com.amazon.cloudformation.integration.CloudFormationIntegrationTestHelper.assertCreateStackCompletes(CloudFormationIntegrationTestHelper.java:345)
    	at com.aws.ec2.cfnregistry.integration.resources.IntegrationTestBase.deleteStackTest(IntegrationTestBase.java:80)
    	at com.aws.ec2.cfnregistry.integration.resources.SimpleTestBase.deleteStack(SimpleTestBase.java:104)
    	at sun.reflect.NativeMethodAccessorImpl.invoke0(Native Method)
    	at sun.reflect.NativeMethodAccessorImpl.invoke(NativeMethodAccessorImpl.java:62)
    	at sun.reflect.DelegatingMethodAccessorImpl.invoke(DelegatingMethodAccessorImpl.java:43)
    	at java.lang.reflect.Method.invoke(Method.java:498)
    	at org.testng.internal.MethodInvocationHelper.invokeMethod(MethodInvocationHelper.java:85)
    	at org.testng.internal.Invoker.invokeMethod(Invoker.java:639)
    	at org.testng.internal.Invoker.invokeTestMethod(Invoker.java:816)
    	at org.testng.internal.Invoker.invokeTestMethods(Invoker.java:1124)
    	at org.testng.internal.TestMethodWorker.invokeTestMethods(TestMethodWorker.java:125)
    	at org.testng.internal.TestMethodWorker.run(TestMethodWorker.java:108)
    	at java.util.concurrent.ThreadPoolExecutor.runWorker(ThreadPoolExecutor.java:1149)
    	at java.util.concurrent.ThreadPoolExecutor$Worker.run(ThreadPoolExecutor.java:624)
    	at java.lang.Thread.run(Thread.java:748)

    FAILED: updateStack
    java.lang.NullPointerException
    	at com.aws.ec2.cfnregistry.integration.resources.TransitGatewayMulticastGroupSource.IntegrationTests.getCompositeIdParts(IntegrationTests.java:35)
    	at com.aws.ec2.cfnregistry.integration.resources.TransitGatewayMulticastGroupSource.IntegrationTests.getResourceValues(IntegrationTests.java:44)
    	at com.aws.ec2.cfnregistry.integration.resources.IntegrationTestBase.updateStackTest(IntegrationTestBase.java:118)
    	at com.aws.ec2.cfnregistry.integration.resources.SimpleTestBase.updateStack(SimpleTestBase.java:95)
    	at sun.reflect.NativeMethodAccessorImpl.invoke0(Native Method)
    	at sun.reflect.NativeMethodAccessorImpl.invoke(NativeMethodAccessorImpl.java:62)
    	at sun.reflect.DelegatingMethodAccessorImpl.invoke(DelegatingMethodAccessorImpl.java:43)
    	at java.lang.reflect.Method.invoke(Method.java:498)
    	at org.testng.internal.MethodInvocationHelper.invokeMethod(MethodInvocationHelper.java:85)
    	at org.testng.internal.Invoker.invokeMethod(Invoker.java:639)
    	at org.testng.internal.Invoker.invokeTestMethod(Invoker.java:816)
    	at org.testng.internal.Invoker.invokeTestMethods(Invoker.java:1124)
    	at org.testng.internal.TestMethodWorker.invokeTestMethods(TestMethodWorker.java:125)
    	at org.testng.internal.TestMethodWorker.run(TestMethodWorker.java:108)
    	at java.util.concurrent.ThreadPoolExecutor.runWorker(ThreadPoolExecutor.java:1149)
    	at java.util.concurrent.ThreadPoolExecutor$Worker.run(ThreadPoolExecutor.java:624)
    	at java.lang.Thread.run(Thread.java:748)


    ===============================================
        AWSCloudFormationResourceProvidersTransitGatewayIntegrationTests
        Tests run: 5, Failures: 2, Skips: 0
    ===============================================


Gradle Test Executor 4 STANDARD_OUT
    [TestNG] Time taken by org.testng.reporters.jq.Main@3ac73823: 74 ms
    [TestNG] Time taken by org.testng.reporters.XMLReporter@78f8842c: 14 ms
    [TestNG] Time taken by org.testng.reporters.SuiteHTMLReporter@1cb2ec14: 49 ms
    [TestNG] Time taken by org.testng.reporters.JUnitReportReporter@954ae73: 7 ms
    [TestNG] Time taken by [FailedReporter passed=0 failed=0 skipped=0]: 8 ms
    [TestNG] Time taken by org.testng.reporters.EmailableReporter2@52ed0a15: 10 ms

> Task :integ-local FAILED
3 actionable tasks: 1 executed, 2 up-to-date
